{"C:\\Users\\USER\\devops\\ci-node-app\\app.js": {"path":"C:\\Users\\USER\\devops\\ci-node-app\\app.js","statementMap":{"0":{"start":{"line":1,"column":16},"end":{"line":1,"column":34}},"1":{"start":{"line":2,"column":15},"end":{"line":2,"column":32}},"2":{"start":{"line":3,"column":14},"end":{"line":3,"column":31}},"3":{"start":{"line":4,"column":14},"end":{"line":4,"column":30}},"4":{"start":{"line":6,"column":12},"end":{"line":6,"column":21}},"5":{"start":{"line":8,"column":0},"end":{"line":8,"column":18}},"6":{"start":{"line":11,"column":2},"end":{"line":16,"column":6}},"7":{"start":{"line":21,"column":13},"end":{"line":26,"column":4}},"8":{"start":{"line":28,"column":2},"end":{"line":36,"column":5}},"9":{"start":{"line":29,"column":4},"end":{"line":33,"column":5}},"10":{"start":{"line":30,"column":6},"end":{"line":30,"column":56}},"11":{"start":{"line":31,"column":6},"end":{"line":31,"column":34}},"12":{"start":{"line":32,"column":6},"end":{"line":32,"column":13}},"13":{"start":{"line":34,"column":4},"end":{"line":34,"column":36}},"14":{"start":{"line":35,"column":4},"end":{"line":35,"column":19}},"15":{"start":{"line":38,"column":0},"end":{"line":38,"column":12}},"16":{"start":{"line":41,"column":20},"end":{"line":43,"column":2}},"17":{"start":{"line":44,"column":0},"end":{"line":44,"column":43}},"18":{"start":{"line":47,"column":19},"end":{"line":47,"column":20}},"19":{"start":{"line":48,"column":19},"end":{"line":48,"column":20}},"20":{"start":{"line":50,"column":0},"end":{"line":54,"column":3}},"21":{"start":{"line":51,"column":2},"end":{"line":51,"column":17}},"22":{"start":{"line":52,"column":2},"end":{"line":52,"column":74}},"23":{"start":{"line":53,"column":2},"end":{"line":53,"column":9}},"24":{"start":{"line":56,"column":0},"end":{"line":58,"column":3}},"25":{"start":{"line":57,"column":2},"end":{"line":57,"column":33}},"26":{"start":{"line":60,"column":0},"end":{"line":62,"column":3}},"27":{"start":{"line":61,"column":2},"end":{"line":61,"column":41}},"28":{"start":{"line":64,"column":0},"end":{"line":71,"column":3}},"29":{"start":{"line":65,"column":2},"end":{"line":65,"column":77}},"30":{"start":{"line":65,"column":18},"end":{"line":65,"column":77}},"31":{"start":{"line":66,"column":2},"end":{"line":66,"column":17}},"32":{"start":{"line":67,"column":2},"end":{"line":70,"column":5}},"33":{"start":{"line":68,"column":4},"end":{"line":68,"column":65}},"34":{"start":{"line":68,"column":13},"end":{"line":68,"column":65}},"35":{"start":{"line":69,"column":4},"end":{"line":69,"column":67}},"36":{"start":{"line":73,"column":0},"end":{"line":81,"column":3}},"37":{"start":{"line":74,"column":2},"end":{"line":80,"column":3}},"38":{"start":{"line":75,"column":4},"end":{"line":75,"column":53}},"39":{"start":{"line":76,"column":18},"end":{"line":76,"column":46}},"40":{"start":{"line":77,"column":4},"end":{"line":77,"column":31}},"41":{"start":{"line":79,"column":4},"end":{"line":79,"column":49}},"42":{"start":{"line":84,"column":0},"end":{"line":94,"column":3}},"43":{"start":{"line":85,"column":2},"end":{"line":85,"column":40}},"44":{"start":{"line":86,"column":2},"end":{"line":93,"column":3}},"45":{"start":{"line":96,"column":13},"end":{"line":96,"column":37}},"46":{"start":{"line":97,"column":0},"end":{"line":99,"column":3}},"47":{"start":{"line":98,"column":2},"end":{"line":98,"column":48}},"48":{"start":{"line":101,"column":0},"end":{"line":101,"column":21}}},"fnMap":{"0":{"name":"log","decl":{"start":{"line":10,"column":9},"end":{"line":10,"column":12}},"loc":{"start":{"line":10,"column":41},"end":{"line":17,"column":1}},"line":10},"1":{"name":"connectDB","decl":{"start":{"line":20,"column":9},"end":{"line":20,"column":18}},"loc":{"start":{"line":20,"column":21},"end":{"line":37,"column":1}},"line":20},"2":{"name":"(anonymous_2)","decl":{"start":{"line":28,"column":13},"end":{"line":28,"column":14}},"loc":{"start":{"line":28,"column":22},"end":{"line":36,"column":3}},"line":28},"3":{"name":"(anonymous_3)","decl":{"start":{"line":50,"column":8},"end":{"line":50,"column":9}},"loc":{"start":{"line":50,"column":28},"end":{"line":54,"column":1}},"line":50},"4":{"name":"(anonymous_4)","decl":{"start":{"line":56,"column":13},"end":{"line":56,"column":14}},"loc":{"start":{"line":56,"column":27},"end":{"line":58,"column":1}},"line":56},"5":{"name":"(anonymous_5)","decl":{"start":{"line":60,"column":19},"end":{"line":60,"column":20}},"loc":{"start":{"line":60,"column":33},"end":{"line":62,"column":1}},"line":60},"6":{"name":"(anonymous_6)","decl":{"start":{"line":64,"column":20},"end":{"line":64,"column":21}},"loc":{"start":{"line":64,"column":34},"end":{"line":71,"column":1}},"line":64},"7":{"name":"(anonymous_7)","decl":{"start":{"line":67,"column":44},"end":{"line":67,"column":45}},"loc":{"start":{"line":67,"column":62},"end":{"line":70,"column":3}},"line":67},"8":{"name":"(anonymous_8)","decl":{"start":{"line":73,"column":23},"end":{"line":73,"column":24}},"loc":{"start":{"line":73,"column":43},"end":{"line":81,"column":1}},"line":73},"9":{"name":"(anonymous_9)","decl":{"start":{"line":84,"column":20},"end":{"line":84,"column":21}},"loc":{"start":{"line":84,"column":34},"end":{"line":94,"column":1}},"line":84},"10":{"name":"(anonymous_10)","decl":{"start":{"line":97,"column":17},"end":{"line":97,"column":18}},"loc":{"start":{"line":97,"column":23},"end":{"line":99,"column":1}},"line":97}},"branchMap":{"0":{"loc":{"start":{"line":10,"column":29},"end":{"line":10,"column":39}},"type":"default-arg","locations":[{"start":{"line":10,"column":37},"end":{"line":10,"column":39}}],"line":10},"1":{"loc":{"start":{"line":22,"column":10},"end":{"line":22,"column":44}},"type":"binary-expr","locations":[{"start":{"line":22,"column":10},"end":{"line":22,"column":29}},{"start":{"line":22,"column":33},"end":{"line":22,"column":44}}],"line":22},"2":{"loc":{"start":{"line":23,"column":10},"end":{"line":23,"column":39}},"type":"binary-expr","locations":[{"start":{"line":23,"column":10},"end":{"line":23,"column":29}},{"start":{"line":23,"column":33},"end":{"line":23,"column":39}}],"line":23},"3":{"loc":{"start":{"line":24,"column":14},"end":{"line":24,"column":49}},"type":"binary-expr","locations":[{"start":{"line":24,"column":14},"end":{"line":24,"column":37}},{"start":{"line":24,"column":41},"end":{"line":24,"column":49}}],"line":24},"4":{"loc":{"start":{"line":25,"column":14},"end":{"line":25,"column":47}},"type":"binary-expr","locations":[{"start":{"line":25,"column":14},"end":{"line":25,"column":33}},{"start":{"line":25,"column":37},"end":{"line":25,"column":47}}],"line":25},"5":{"loc":{"start":{"line":29,"column":4},"end":{"line":33,"column":5}},"type":"if","locations":[{"start":{"line":29,"column":4},"end":{"line":33,"column":5}},{"start":{},"end":{}}],"line":29},"6":{"loc":{"start":{"line":42,"column":18},"end":{"line":42,"column":55}},"type":"binary-expr","locations":[{"start":{"line":42,"column":18},"end":{"line":42,"column":40}},{"start":{"line":42,"column":44},"end":{"line":42,"column":55}}],"line":42},"7":{"loc":{"start":{"line":65,"column":2},"end":{"line":65,"column":77}},"type":"if","locations":[{"start":{"line":65,"column":2},"end":{"line":65,"column":77}},{"start":{},"end":{}}],"line":65},"8":{"loc":{"start":{"line":68,"column":4},"end":{"line":68,"column":65}},"type":"if","locations":[{"start":{"line":68,"column":4},"end":{"line":68,"column":65}},{"start":{},"end":{}}],"line":68},"9":{"loc":{"start":{"line":96,"column":13},"end":{"line":96,"column":37}},"type":"binary-expr","locations":[{"start":{"line":96,"column":13},"end":{"line":96,"column":29}},{"start":{"line":96,"column":33},"end":{"line":96,"column":37}}],"line":96}},"s":{"0":2,"1":2,"2":2,"3":2,"4":2,"5":2,"6":7,"7":2,"8":2,"9":2,"10":2,"11":2,"12":2,"13":0,"14":0,"15":2,"16":2,"17":2,"18":2,"19":2,"20":2,"21":3,"22":3,"23":3,"24":2,"25":2,"26":2,"27":1,"28":2,"29":0,"30":0,"31":0,"32":0,"33":0,"34":0,"35":0,"36":2,"37":0,"38":0,"39":0,"40":0,"41":0,"42":2,"43":0,"44":0,"45":2,"46":2,"47":2,"48":2},"f":{"0":7,"1":2,"2":2,"3":3,"4":2,"5":1,"6":0,"7":0,"8":0,"9":0,"10":2},"b":{"0":[2],"1":[2,2],"2":[2,2],"3":[2,2],"4":[2,2],"5":[2,0],"6":[2,2],"7":[0,0],"8":[0,0],"9":[2,2]},"_coverageSchema":"1a1c01bbd47fc00a2c39e90264f33305004495a9","hash":"dbb9bfe342575c5d28070dfce62d630c65ced139"}
}
