TN:
SF:app.js
FN:10,log
FN:20,connectDB
FN:28,(anonymous_2)
FN:50,(anonymous_3)
FN:56,(anonymous_4)
FN:60,(anonymous_5)
FN:64,(anonymous_6)
FN:67,(anonymous_7)
FN:73,(anonymous_8)
FN:84,(anonymous_9)
FN:97,(anonymous_10)
FNF:11
FNH:7
FNDA:7,log
FNDA:2,connectDB
FNDA:2,(anonymous_2)
FNDA:3,(anonymous_3)
FNDA:2,(anonymous_4)
FNDA:1,(anonymous_5)
FNDA:0,(anonymous_6)
FNDA:0,(anonymous_7)
FNDA:0,(anonymous_8)
FNDA:0,(anonymous_9)
FNDA:2,(anonymous_10)
DA:1,2
DA:2,2
DA:3,2
DA:4,2
DA:6,2
DA:8,2
DA:11,7
DA:21,2
DA:28,2
DA:29,2
DA:30,2
DA:31,2
DA:32,2
DA:34,0
DA:35,0
DA:38,2
DA:41,2
DA:44,2
DA:47,2
DA:48,2
DA:50,2
DA:51,3
DA:52,3
DA:53,3
DA:56,2
DA:57,2
DA:60,2
DA:61,1
DA:64,2
DA:65,0
DA:66,0
DA:67,0
DA:68,0
DA:69,0
DA:73,2
DA:74,0
DA:75,0
DA:76,0
DA:77,0
DA:79,0
DA:84,2
DA:85,0
DA:86,0
DA:96,2
DA:97,2
DA:98,2
DA:101,2
LF:47
LH:33
BRDA:10,0,0,2
BRDA:22,1,0,2
BRDA:22,1,1,2
BRDA:23,2,0,2
BRDA:23,2,1,2
BRDA:24,3,0,2
BRDA:24,3,1,2
BRDA:25,4,0,2
BRDA:25,4,1,2
BRDA:29,5,0,2
BRDA:29,5,1,0
BRDA:42,6,0,2
BRDA:42,6,1,2
BRDA:65,7,0,0
BRDA:65,7,1,0
BRDA:68,8,0,0
BRDA:68,8,1,0
BRDA:96,9,0,2
BRDA:96,9,1,2
BRF:19
BRH:14
end_of_record
